Сборка начата 07.12.2018 11:31:37.
     1>Проект "C:\Users\Dima\Documents\Visual Studio 2013\Projects\Coursach2.0_oop\Coursework_2\Coursach_2.0\Coursach_2.0.vcxproj" в узле 2 (целевые объекты Build).
     1>ClCompile:
         D:\VS2013\VC\bin\CL.exe /c /ZI /nologo /W3 /WX- /sdl /Od /Oy- /D _CRT_SECURE_NO_WARNINGS /D _MBCS /Gm /EHsc /RTC1 /MDd /GS /fp:precise /Zc:wchar_t /Zc:forScope /Fo"Debug\\" /Fd"Debug\vc120.pdb" /Gd /TP /analyze- /errorReport:prompt Admin.cpp main.cpp sourceClient.cpp sourceCourier.cpp sourceOrdercpp.cpp sourceProduct.cpp
         Admin.cpp
     1>c:\users\dima\documents\visual studio 2013\projects\coursach2.0_oop\coursework_2\coursach_2.0\header.h(86): warning C4305: =: усечение из "double" к "float"
     1>c:\users\dima\documents\visual studio 2013\projects\coursach2.0_oop\coursework_2\coursach_2.0\admin.cpp(36): warning C4018: <: несоответствие типов со знаком и без знака
     1>c:\users\dima\documents\visual studio 2013\projects\coursach2.0_oop\coursework_2\coursach_2.0\admin.cpp(41): warning C4018: <: несоответствие типов со знаком и без знака
     1>c:\users\dima\documents\visual studio 2013\projects\coursach2.0_oop\coursework_2\coursach_2.0\admin.cpp(140): warning C4018: <: несоответствие типов со знаком и без знака
     1>c:\users\dima\documents\visual studio 2013\projects\coursach2.0_oop\coursework_2\coursach_2.0\admin.cpp(145): warning C4018: <: несоответствие типов со знаком и без знака
         Создание кода...
         Компиляция...
         sourceProduct.cpp
     1>c:\users\dima\documents\visual studio 2013\projects\coursach2.0_oop\coursework_2\coursach_2.0\header.h(86): warning C4305: =: усечение из "double" к "float"
         sourceOrdercpp.cpp
     1>c:\users\dima\documents\visual studio 2013\projects\coursach2.0_oop\coursework_2\coursach_2.0\header.h(86): warning C4305: =: усечение из "double" к "float"
     1>c:\users\dima\documents\visual studio 2013\projects\coursach2.0_oop\coursework_2\coursach_2.0\sourceordercpp.cpp(7): warning C4244: инициализация: преобразование "time_t" в "int", возможна потеря данных
     1>c:\users\dima\documents\visual studio 2013\projects\coursach2.0_oop\coursework_2\coursach_2.0\sourceordercpp.cpp(8): warning C4244: инициализация: преобразование "time_t" в "int", возможна потеря данных
         sourceCourier.cpp
     1>c:\users\dima\documents\visual studio 2013\projects\coursach2.0_oop\coursework_2\coursach_2.0\header.h(86): warning C4305: =: усечение из "double" к "float"
         sourceClient.cpp
     1>c:\users\dima\documents\visual studio 2013\projects\coursach2.0_oop\coursework_2\coursach_2.0\header.h(86): warning C4305: =: усечение из "double" к "float"
         main.cpp
     1>c:\users\dima\documents\visual studio 2013\projects\coursach2.0_oop\coursework_2\coursach_2.0\header.h(86): warning C4305: =: усечение из "double" к "float"
     1>c:\users\dima\documents\visual studio 2013\projects\coursach2.0_oop\coursework_2\coursach_2.0\main.cpp(429): warning C4244: аргумент: преобразование "time_t" в "unsigned int", возможна потеря данных
     1>c:\users\dima\documents\visual studio 2013\projects\coursach2.0_oop\coursework_2\coursach_2.0\list.h(174): warning C4018: <: несоответствие типов со знаком и без знака
                 c:\users\dima\documents\visual studio 2013\projects\coursach2.0_oop\coursework_2\coursach_2.0\list.h(145): при компиляции функции-члена "void List<Admin>::encryption(void)" класса шаблон
                 c:\users\dima\documents\visual studio 2013\projects\coursach2.0_oop\coursework_2\coursach_2.0\list.h(140): см. ссылку на создание экземпляров функции шаблон при компиляции "void List<Admin>::encryption(void)"
                 c:\users\dima\documents\visual studio 2013\projects\coursach2.0_oop\coursework_2\coursach_2.0\list.h(370): при компиляции функции-члена "List<Admin>::List(void)" класса шаблон
                 c:\users\dima\documents\visual studio 2013\projects\coursach2.0_oop\coursework_2\coursach_2.0\main.cpp(432): см. ссылку на создание экземпляров функции шаблон при компиляции "List<Admin>::List(void)"
                 c:\users\dima\documents\visual studio 2013\projects\coursach2.0_oop\coursework_2\coursach_2.0\main.cpp(17): см. ссылку на создание экземпляров класса шаблон при компиляции "List<Admin>"
     1>c:\users\dima\documents\visual studio 2013\projects\coursach2.0_oop\coursework_2\coursach_2.0\list.h(179): warning C4018: <: несоответствие типов со знаком и без знака
     1>c:\users\dima\documents\visual studio 2013\projects\coursach2.0_oop\coursework_2\coursach_2.0\list.h(273): warning C4018: <: несоответствие типов со знаком и без знака
                 c:\users\dima\documents\visual studio 2013\projects\coursach2.0_oop\coursework_2\coursach_2.0\list.h(245): при компиляции функции-члена "void List<Admin>::decrypt(void)" класса шаблон
                 c:\users\dima\documents\visual studio 2013\projects\coursach2.0_oop\coursework_2\coursach_2.0\list.h(109): см. ссылку на создание экземпляров функции шаблон при компиляции "void List<Admin>::decrypt(void)"
     1>c:\users\dima\documents\visual studio 2013\projects\coursach2.0_oop\coursework_2\coursach_2.0\list.h(278): warning C4018: <: несоответствие типов со знаком и без знака
         Создание кода...
       Link:
         D:\VS2013\VC\bin\link.exe /ERRORREPORT:PROMPT /OUT:"C:\Users\Dima\Documents\Visual Studio 2013\Projects\Coursach2.0_oop\Coursework_2\Debug\Coursach_2.0.exe" /INCREMENTAL /NOLOGO kernel32.lib user32.lib gdi32.lib winspool.lib comdlg32.lib advapi32.lib shell32.lib ole32.lib oleaut32.lib uuid.lib odbc32.lib odbccp32.lib /MANIFEST /MANIFESTUAC:"level='asInvoker' uiAccess='false'" /manifest:embed /DEBUG /PDB:"C:\Users\Dima\Documents\Visual Studio 2013\Projects\Coursach2.0_oop\Coursework_2\Debug\Coursach_2.0.pdb" /TLBID:1 /DYNAMICBASE /NXCOMPAT /IMPLIB:"C:\Users\Dima\Documents\Visual Studio 2013\Projects\Coursach2.0_oop\Coursework_2\Debug\Coursach_2.0.lib" /MACHINE:X86 Debug\Admin.obj
         Debug\main.obj
         Debug\sourceClient.obj
         Debug\sourceCourier.obj
         Debug\sourceOrdercpp.obj
         Debug\sourceProduct.obj
         Coursach_2.0.vcxproj -> C:\Users\Dima\Documents\Visual Studio 2013\Projects\Coursach2.0_oop\Coursework_2\Debug\Coursach_2.0.exe
     1>Сборка проекта "C:\Users\Dima\Documents\Visual Studio 2013\Projects\Coursach2.0_oop\Coursework_2\Coursach_2.0\Coursach_2.0.vcxproj" завершена (целевые объекты Build).

Сборка успешно завершена.

Затраченное время: 00:00:10.49
